 ************************************************************************
 **                                                                    **
 **                                                                    **
 **                     Altair OptiStruct(TM) 2020                     **
 **                                                                    **
 **             Advanced Engineering Analysis, Design and              **
 **        Optimization Software from Altair Engineering, Inc.         **
 **                                                                    **
 **                                                                    **
 **             Windows 10  (Build 9200)  DESKTOP-IFHN8D9              **
 **         16 CPU:  Intel(R) Core(TM) i7-10875H CPU @ 2.30GHz         **
 **                    22912 MB RAM,  37464 MB swap                    **
 **                                                                    **
 ** Build: 1018160c0133200_Ce64RB68UH14M:175822-000  60040040000000140 **
 ************************************************************************
 **  COPYRIGHT (C) 1996-2020                 Altair Engineering, Inc.  **
 ** All Rights Reserved.  Copyright notice does not imply publication. **
 **         Contains trade secrets of Altair Engineering, Inc.         **
 ** Decompilation or disassembly of this software strictly prohibited. **
 ************************************************************************
 
  
 *** OptiStruct defaults set from:
   install config file: C:/Program Files/Altair/2020-edu/hwsolvers/optistruct.cfg.
  
  
 NOTE # 9199
 MSGLMT=STRICT is active, all messages will be printed.
 You can suppress some less important warning messages by use of
  MSGLMT=BRIEF or UNREF (in config file or in the input data).
  
 
 *** See next message about line 91623 from file:
     C:/Users/adrin/Documents/Insic/2A/Optimisation/optimisation-topologique/Hyperworks/Analysis/Chaise_4_Pieds_Carres.fem
  "CTETRA     26019       0   11861   11862   11700   13977"
  
 This line was interpreted as:
 91623:CTETRA, 26019, 0, 11861, 11862, 11700, 13977
  
 *** ERROR # 1000 *** in the input data:
 Incorrect data in field # 3. Field 'PID' of CTETRA bulk data.
  Expected INT > 0, found  INTEGER (0).
  
 
 *** See next message about line 91624 from file:
     C:/Users/adrin/Documents/Insic/2A/Optimisation/optimisation-topologique/Hyperworks/Analysis/Chaise_4_Pieds_Carres.fem
  "CTETRA     26020       0   11862   11861   12820   13977"
  
 This line was interpreted as:
 91624:CTETRA, 26020, 0, 11862, 11861, 12820, 13977
  
 *** ERROR # 1000 *** in the input data:
 Incorrect data in field # 3. Field 'PID' of CTETRA bulk data.
  Expected INT > 0, found  INTEGER (0).
  
 
 *** See next message about line 91625 from file:
     C:/Users/adrin/Documents/Insic/2A/Optimisation/optimisation-topologique/Hyperworks/Analysis/Chaise_4_Pieds_Carres.fem
  "CTETRA     26021       0   21069   13020   21492   14780"
  
 This line was interpreted as:
 91625:CTETRA, 26021, 0, 21069, 13020, 21492, 14780
  
 *** ERROR # 1000 *** in the input data:
 Incorrect data in field # 3. Field 'PID' of CTETRA bulk data.
  Expected INT > 0, found  INTEGER (0).
  
 
 *** See next message about line 91626 from file:
     C:/Users/adrin/Documents/Insic/2A/Optimisation/optimisation-topologique/Hyperworks/Analysis/Chaise_4_Pieds_Carres.fem
  "CTETRA     26022       0    3773   27070   13809   14780"
  
 This line was interpreted as:
 91626:CTETRA, 26022, 0, 3773, 27070, 13809, 14780
  
 *** ERROR # 1000 *** in the input data:
 Incorrect data in field # 3. Field 'PID' of CTETRA bulk data.
  Expected INT > 0, found  INTEGER (0).
  
 
 *** See next message about line 91627 from file:
     C:/Users/adrin/Documents/Insic/2A/Optimisation/optimisation-topologique/Hyperworks/Analysis/Chaise_4_Pieds_Carres.fem
  "CTETRA     26023       0    5636    5661    5635   13977"
  
 This line was interpreted as:
 91627:CTETRA, 26023, 0, 5636, 5661, 5635, 13977
  
 *** ERROR # 1000 *** in the input data:
 Incorrect data in field # 3. Field 'PID' of CTETRA bulk data.
  Expected INT > 0, found  INTEGER (0).
  
 
 *** See next message about line 91628 from file:
     C:/Users/adrin/Documents/Insic/2A/Optimisation/optimisation-topologique/Hyperworks/Analysis/Chaise_4_Pieds_Carres.fem
  "CTETRA     26024       0    5635    5661   12820   13977"
  
 This line was interpreted as:
 91628:CTETRA, 26024, 0, 5635, 5661, 12820, 13977
  
 *** ERROR # 1000 *** in the input data:
 Incorrect data in field # 3. Field 'PID' of CTETRA bulk data.
  Expected INT > 0, found  INTEGER (0).
  
 
 *** See next message about line 91629 from file:
     C:/Users/adrin/Documents/Insic/2A/Optimisation/optimisation-topologique/Hyperworks/Analysis/Chaise_4_Pieds_Carres.fem
  "CTETRA     26025       0   11700   11739   11861   13977"
  
 This line was interpreted as:
 91629:CTETRA, 26025, 0, 11700, 11739, 11861, 13977
  
 *** ERROR # 1000 *** in the input data:
 Incorrect data in field # 3. Field 'PID' of CTETRA bulk data.
  Expected INT > 0, found  INTEGER (0).
  
 
 *** See next message about line 91630 from file:
     C:/Users/adrin/Documents/Insic/2A/Optimisation/optimisation-topologique/Hyperworks/Analysis/Chaise_4_Pieds_Carres.fem
  "CTETRA     26026       0    5661    5636    5666   13977"
  
 This line was interpreted as:
 91630:CTETRA, 26026, 0, 5661, 5636, 5666, 13977
  
 *** ERROR # 1000 *** in the input data:
 Incorrect data in field # 3. Field 'PID' of CTETRA bulk data.
  Expected INT > 0, found  INTEGER (0).
  
 
 *** See next message about line 91631 from file:
     C:/Users/adrin/Documents/Insic/2A/Optimisation/optimisation-topologique/Hyperworks/Analysis/Chaise_4_Pieds_Carres.fem
  "CTETRA     26027       0   15066   14764   15069   32785"
  
 This line was interpreted as:
 91631:CTETRA, 26027, 0, 15066, 14764, 15069, 32785
  
 *** ERROR # 1000 *** in the input data:
 Incorrect data in field # 3. Field 'PID' of CTETRA bulk data.
  Expected INT > 0, found  INTEGER (0).
  
 
 *** See next message about line 91632 from file:
     C:/Users/adrin/Documents/Insic/2A/Optimisation/optimisation-topologique/Hyperworks/Analysis/Chaise_4_Pieds_Carres.fem
  "CTETRA     26028       0   27045    3862   14252   14783"
  
 This line was interpreted as:
 91632:CTETRA, 26028, 0, 27045, 3862, 14252, 14783
  
 *** ERROR # 1000 *** in the input data:
 Incorrect data in field # 3. Field 'PID' of CTETRA bulk data.
  Expected INT > 0, found  INTEGER (0).
  
 *** More of ERROR messages # 1000 were suppressed...
  
  
 
 *** See next message about line 101622 from file:
     C:/Users/adrin/Documents/Insic/2A/Optimisation/optimisation-topologique/Hyperworks/Analysis/Chaise_4_Pieds_Carres.fem
  "CTETRA     36018       0    2042    2043   28862   16019"
  
 ****************
 Too many error messages. Aborting run.
 Current limit is 10000. Use "MSGLMT" control card to change this value.
  
  
************************************************************************
 Following warning messages appeared too many times
 and were suppressed:
    1000
 Total of 9989 repeat error message(s) were suppressed.
 To see more messages use "MSGLMT" control card in the data or config file.
  
************************************************************************
