 ************************************************************************
 **                                                                    **
 **                                                                    **
 **                     Altair OptiStruct(TM) 2020                     **
 **                                                                    **
 **             Advanced Engineering Analysis, Design and              **
 **        Optimization Software from Altair Engineering, Inc.         **
 **                                                                    **
 **                                                                    **
 **             Windows 10  (Build 9200)  DESKTOP-IFHN8D9              **
 **         16 CPU:  Intel(R) Core(TM) i7-10875H CPU @ 2.30GHz         **
 **                    22907 MB RAM,  37464 MB swap                    **
 **                                                                    **
 ** Build: 1018160c0133200_Ce64RB68UH14M:175822-000  60040040000000140 **
 ************************************************************************
 **  COPYRIGHT (C) 1996-2020                 Altair Engineering, Inc.  **
 ** All Rights Reserved.  Copyright notice does not imply publication. **
 **         Contains trade secrets of Altair Engineering, Inc.         **
 ** Decompilation or disassembly of this software strictly prohibited. **
 ************************************************************************
 
  
 *** OptiStruct defaults set from:
   install config file: C:/Program Files/Altair/2020-edu/hwsolvers/optistruct.cfg.
  
  
 NOTE # 9199
 MSGLMT=STRICT is active, all messages will be printed.
 You can suppress some less important warning messages by use of
  MSGLMT=BRIEF or UNREF (in config file or in the input data).
  
 
 *** See next message about line 585174 from file:
     C:/Users/adrin/Documents/Insic/2A/Optimisation/optimisation-topologique/Hyperworks/Analysis/Chaise_4_Pieds_Carres.fem
  "CTETRA    519570       0   10433   10434   10442   86109"
  
 This line was interpreted as:
 585174:CTETRA, 519570, 0, 10433, 10434, 10442, 86109
  
 *** ERROR # 1000 *** in the input data:
 Incorrect data in field # 3. Field 'PID' of CTETRA bulk data.
  Expected INT > 0, found  INTEGER (0).
  
 
 *** See next message about line 585175 from file:
     C:/Users/adrin/Documents/Insic/2A/Optimisation/optimisation-topologique/Hyperworks/Analysis/Chaise_4_Pieds_Carres.fem
  "CTETRA    519571       0   10432   10433   10442   86109"
  
 This line was interpreted as:
 585175:CTETRA, 519571, 0, 10432, 10433, 10442, 86109
  
 *** ERROR # 1000 *** in the input data:
 Incorrect data in field # 3. Field 'PID' of CTETRA bulk data.
  Expected INT > 0, found  INTEGER (0).
  
 
 *** See next message about line 585176 from file:
     C:/Users/adrin/Documents/Insic/2A/Optimisation/optimisation-topologique/Hyperworks/Analysis/Chaise_4_Pieds_Carres.fem
  "CTETRA    519572       0   10485   10477   86116   86129"
  
 This line was interpreted as:
 585176:CTETRA, 519572, 0, 10485, 10477, 86116, 86129
  
 *** ERROR # 1000 *** in the input data:
 Incorrect data in field # 3. Field 'PID' of CTETRA bulk data.
  Expected INT > 0, found  INTEGER (0).
  
 
 *** See next message about line 585177 from file:
     C:/Users/adrin/Documents/Insic/2A/Optimisation/optimisation-topologique/Hyperworks/Analysis/Chaise_4_Pieds_Carres.fem
  "CTETRA    519573       0   10372   10297   10425   86127"
  
 This line was interpreted as:
 585177:CTETRA, 519573, 0, 10372, 10297, 10425, 86127
  
 *** ERROR # 1000 *** in the input data:
 Incorrect data in field # 3. Field 'PID' of CTETRA bulk data.
  Expected INT > 0, found  INTEGER (0).
  
 
 *** See next message about line 585178 from file:
     C:/Users/adrin/Documents/Insic/2A/Optimisation/optimisation-topologique/Hyperworks/Analysis/Chaise_4_Pieds_Carres.fem
  "CTETRA    519574       0   10485   10483   10477   86129"
  
 This line was interpreted as:
 585178:CTETRA, 519574, 0, 10485, 10483, 10477, 86129
  
 *** ERROR # 1000 *** in the input data:
 Incorrect data in field # 3. Field 'PID' of CTETRA bulk data.
  Expected INT > 0, found  INTEGER (0).
  
 
 *** See next message about line 585179 from file:
     C:/Users/adrin/Documents/Insic/2A/Optimisation/optimisation-topologique/Hyperworks/Analysis/Chaise_4_Pieds_Carres.fem
  "CTETRA    519575       0   10464   10354   10465   86131"
  
 This line was interpreted as:
 585179:CTETRA, 519575, 0, 10464, 10354, 10465, 86131
  
 *** ERROR # 1000 *** in the input data:
 Incorrect data in field # 3. Field 'PID' of CTETRA bulk data.
  Expected INT > 0, found  INTEGER (0).
  
 
 *** See next message about line 585180 from file:
     C:/Users/adrin/Documents/Insic/2A/Optimisation/optimisation-topologique/Hyperworks/Analysis/Chaise_4_Pieds_Carres.fem
  "CTETRA    519576       0   10431   10442   86153   86109"
  
 This line was interpreted as:
 585180:CTETRA, 519576, 0, 10431, 10442, 86153, 86109
  
 *** ERROR # 1000 *** in the input data:
 Incorrect data in field # 3. Field 'PID' of CTETRA bulk data.
  Expected INT > 0, found  INTEGER (0).
  
 
 *** See next message about line 585181 from file:
     C:/Users/adrin/Documents/Insic/2A/Optimisation/optimisation-topologique/Hyperworks/Analysis/Chaise_4_Pieds_Carres.fem
  "CTETRA    519577       0   10431   10432   10442   86109"
  
 This line was interpreted as:
 585181:CTETRA, 519577, 0, 10431, 10432, 10442, 86109
  
 *** ERROR # 1000 *** in the input data:
 Incorrect data in field # 3. Field 'PID' of CTETRA bulk data.
  Expected INT > 0, found  INTEGER (0).
  
 
 *** See next message about line 585182 from file:
     C:/Users/adrin/Documents/Insic/2A/Optimisation/optimisation-topologique/Hyperworks/Analysis/Chaise_4_Pieds_Carres.fem
  "CTETRA    519578       0   10466   10319   10353   86131"
  
 This line was interpreted as:
 585182:CTETRA, 519578, 0, 10466, 10319, 10353, 86131
  
 *** ERROR # 1000 *** in the input data:
 Incorrect data in field # 3. Field 'PID' of CTETRA bulk data.
  Expected INT > 0, found  INTEGER (0).
  
 
 *** See next message about line 585183 from file:
     C:/Users/adrin/Documents/Insic/2A/Optimisation/optimisation-topologique/Hyperworks/Analysis/Chaise_4_Pieds_Carres.fem
  "CTETRA    519579       0   10465   10319   10466   86131"
  
 This line was interpreted as:
 585183:CTETRA, 519579, 0, 10465, 10319, 10466, 86131
  
 *** ERROR # 1000 *** in the input data:
 Incorrect data in field # 3. Field 'PID' of CTETRA bulk data.
  Expected INT > 0, found  INTEGER (0).
  
 *** More of ERROR messages # 1000 were suppressed...
  
 MAXIMUM DISK SPACE USED                                     1 MB

************************************************************************


************************************************************************

COMPUTE TIME INFORMATION
------------------------

 EXECUTION STARTED                         Mon Feb 15 15:10:17 2021    
 EXECUTION COMPLETED                       Mon Feb 15 15:10:19 2021    
 ELAPSED TIME                                         00:00:02
 CPU TIME                                             00:00:02

************************************************************************

  
 
 *** PROGRAM STOPPED: FATAL ERROR(s) ENCOUNTERED.
 
                        ***** END OF REPORT *****
  
 For Useful OptiStruct Tips and Tricks, go to the URL:
 http://www.altairhyperworks.com/tips.aspx
  
************************************************************************
 Following warning messages appeared too many times
 and were suppressed:
    1000
 Total of 4716 repeat error message(s) were suppressed.
 To see more messages use "MSGLMT" control card in the data or config file.
  
************************************************************************
  
 There were 4726 error messages during input processing.
  The first message is repeated below:
  
  
  *** See next message about line 585174 from file:
      C:/Users/adrin/Documents/Insic/2A/Optimisation/optimisation-topologique/Hyperworks/Analysis/Chaise_4_Pieds_Carres.fem
   "CTETRA    519570       0   10433   10434   10442   86109"
  
  *** ERROR # 1000 *** in the input data:
  Incorrect data in field # 3. Field 'PID' of CTETRA bulk data.
  
  
************************************************************************
