 ************************************************************************
 **                                                                    **
 **                                                                    **
 **                     Altair OptiStruct(TM) 2020                     **
 **                                                                    **
 **             Advanced Engineering Analysis, Design and              **
 **        Optimization Software from Altair Engineering, Inc.         **
 **                                                                    **
 **                                                                    **
 **             Windows 10  (Build 9200)  DESKTOP-IFHN8D9              **
 **         16 CPU:  Intel(R) Core(TM) i7-10875H CPU @ 2.30GHz         **
 **                    20023 MB RAM,  37464 MB swap                    **
 **                                                                    **
 ** Build: 1018160c0133200_Ce64RB68UH14M:175822-000  60040040000000140 **
 ************************************************************************
 **  COPYRIGHT (C) 1996-2020                 Altair Engineering, Inc.  **
 ** All Rights Reserved.  Copyright notice does not imply publication. **
 **         Contains trade secrets of Altair Engineering, Inc.         **
 ** Decompilation or disassembly of this software strictly prohibited. **
 ************************************************************************
 
  
 *** OptiStruct defaults set from:
   install config file: C:/Program Files/Altair/2020-edu/hwsolvers/optistruct.cfg.
  
  
 NOTE # 9199
 MSGLMT=STRICT is active, all messages will be printed.
 You can suppress some less important warning messages by use of
  MSGLMT=BRIEF or UNREF (in config file or in the input data).
  
 1 PARAM(s) were set:
    CHECKEL,NO
  
  
 

************************************************************************

OPTIMIZATION FILE AND PARAMETER INFORMATION :
---------------------------------------------

  FEM model file               : 
     C:/Users/adrin/Documents/Insic/2A/Optimisation/optimisation-topologique/Hyperworks/Analysis/Chaise_4_Pieds_Carres.fem
  Output files prefix          : 
     C:/Users/adrin/Documents/Insic/2A/Optimisation/optimisation-topologique/Hyperworks/Analysis/Chaise_4_Pieds_Carres
  Model read from files:
 (*1)	    C:/Users/adrin/Documents/Insic/2A/Optimisation/optimisation-topologique/Hyperworks/Analysis/Chaise_4_Pieds_Carres.fem

************************************************************************

 

************************************************************************

FINITE ELEMENT MODEL DATA INFORMATION :
---------------------------------------

  Total # of Grids (Structural)        :     94908
  Total # of Elements                  :    572666
  Total # of Degrees of Freedom        :    284364
  (Structural)
  Total # of Non-zero Stiffness Terms  :   6645492

 
  Element Type Information
  ------------------------

   CTETRA   Elements   :   572666

  Load and Boundary Information
  -----------------------------

   FORCE Sets        :         3
   SPC   Sets        :         1

  Material and Property Information
  ---------------------------------

   PSOLID Cards      :         2
   MAT1   Cards      :         1

************************************************************************

 

************************************************************************

OPTIMIZATION PROBLEM PARAMETERS :
---------------------------------

 NO DESIGN MATERIAL OR DESIGN VARIABLES FOUND  : ANALYSIS ONLY

   ------------------------
   Static Subcase Summary :
   ------------------------

   ----------   --------  -------  --------------------- 
   Subcase ID    SPC ID   LOAD ID  Preloading Subcase ID
   ----------   --------  -------  --------------------- 
        1            7          8
   ----------   --------  -------  --------------------- 

   Run Type                        :   Analysis Only
   Run at location                 : C:/Users/adrin/Documents/Insic/2A/Optimisation/optimisation-topologique/Hyperworks/Analysis/
   Scratch file directory          : C:/Users/adrin/Documents/Insic/2A/Optimisation/optimisation-topologique/Hyperworks/Analysis/
                                     Free space:   495.575 GB
   Number of CPU processors        :          1


************************************************************************

 

************************************************************************

MEMORY ESTIMATION INFORMATION :
-------------------------------

 Solver Type is:  Sparse-Matrix Solver
                  Direct Method
 
 Memory (RAM) Allocated in Preprocessor                  :    4323 MB
 Estimated Memory (RAM) for Out of Core Solution         :    1468 MB
 Estimated Memory (RAM) for In-Core Solution             :    4323 MB
 
DISK SPACE ESTIMATION INFORMATION :
-----------------------------------

 Estimated Disk Space for Output Data Files              :     106 MB
 Estimated Scratch Disk Space for In-Core Solution       :     245 MB
 Estimated Scratch Disk Space for Out of Core Solution   :    4858 MB

************************************************************************


BEGINNING ANALYSIS SOLUTION ....


************************************************************************

ANALYSIS RESULTS :
------------------

  
ITERATION   0
  
 (Scratch disk space usage for starting iteration = 175 MB)
  
 *** WARNING # 312
 In static load case 1 
 the compliance is negative or large 2.13302e+16.
 Optimization/buckling analysis cannot be performed.
 due to possible rigid body mode.
(Running in-core solution)

Volume                              =  7.13902E+07   Mass     =  0.00000E+00

 Subcase   Compliance     Epsilon
       1  2.133021E+16 -4.531557E-02

Note : Epsilon = Residual Strain Energy Ratio.


************************************************************************
  
 ANALYSIS COMPLETED.
  

************************************************************************

RESOURCE USAGE INFORMATION
--------------------------

 MAXIMUM MEMORY USED                                      4323 MB
   IN ADDITION     45 MB MEMORY WAS ALLOCATED FOR TEMPORARY USE
 MAXIMUM DISK SPACE USED                                   317 MB

************************************************************************


************************************************************************

COMPUTE TIME INFORMATION
------------------------

 EXECUTION STARTED                         Sat Feb 13 22:00:57 2021    
 EXECUTION COMPLETED                       Sat Feb 13 22:02:03 2021    
 ELAPSED TIME                                         00:01:06
 CPU TIME                                             00:01:09

************************************************************************

  
                        ***** END OF REPORT *****
  
 For Useful OptiStruct Tips and Tricks, go to the URL:
 http://www.altairhyperworks.com/tips.aspx
