 ************************************************************************
 **                                                                    **
 **                                                                    **
 **                     Altair OptiStruct(TM) 2020                     **
 **                                                                    **
 **             Advanced Engineering Analysis, Design and              **
 **        Optimization Software from Altair Engineering, Inc.         **
 **                                                                    **
 **                                                                    **
 **              Windows 10  (Build 9200)  SURFACE_MAXIME              **
 **         8 CPU:  Intel(R) Core(TM) i7-1065G7 CPU @ 1.30GHz          **
 **                    23904 MB RAM,  37217 MB swap                    **
 **                                                                    **
 ** Build: 1018160c0133200_Ce64RB68UH14M:175822-000  60040040000000040 **
 ************************************************************************
 **  COPYRIGHT (C) 1996-2020                 Altair Engineering, Inc.  **
 ** All Rights Reserved.  Copyright notice does not imply publication. **
 **         Contains trade secrets of Altair Engineering, Inc.         **
 ** Decompilation or disassembly of this software strictly prohibited. **
 ************************************************************************
 
  
 *** OptiStruct defaults set from:
   install config file: C:/Program Files/Altair/2020-edu/hwsolvers/optistruct.cfg.
  
  
 NOTE # 9199
 MSGLMT=STRICT is active, all messages will be printed.
 You can suppress some less important warning messages by use of
  MSGLMT=BRIEF or UNREF (in config file or in the input data).
  
 1 PARAM(s) were set:
    CHECKEL,NO
  
  
  
 *** WARNING # 1848
 Topology optimization without minimum member size control activated.
 Using DTPL card or DOPTPRM,MINDIM is recommended.
  
 NOTE # 1852
 AUTOMATIC SCREENING is activated.
 Use DSCREEN,AUTO,OFF to disable automatic screening.
 

************************************************************************

OPTIMIZATION FILE AND PARAMETER INFORMATION :
---------------------------------------------

  FEM model file               : 
     C:/Users/Maxime Belcour/Documents/GitHub/optimisation-topologique/Hyperworks/opti/ChaiseMaxime.fem
  Output files prefix          : 
     C:/Users/Maxime Belcour/Documents/GitHub/optimisation-topologique/Hyperworks/opti/ChaiseMaxime
  Model read from files:
 (*1)	    C:/Users/Maxime Belcour/Documents/GitHub/optimisation-topologique/Hyperworks/opti/ChaiseMaxime.fem

************************************************************************

 

************************************************************************

FINITE ELEMENT MODEL DATA INFORMATION :
---------------------------------------

  Total # of Grids (Structural)        :     88878
  Total # of Elements                  :    521214
  Total # of Degrees of Freedom        :    265926
  (Structural)
  Total # of Non-zero Stiffness Terms  :   6111357

 
  Element Type Information
  ------------------------

   CTETRA   Elements   :   521214

  Load and Boundary Information
  -----------------------------

   FORCE Sets        :         3
   SPC   Sets        :         1

  Material and Property Information
  ---------------------------------

   PSOLID Cards      :         2
   MAT1   Cards      :         1

************************************************************************

 

************************************************************************

OPTIMIZATION PROBLEM PARAMETERS :
---------------------------------

 Objective Function  : Minimize Volume

 ------------------
 Response Summary :
 ------------------

 Number of volume responses            :          1
 Number of displacement responses      :       2176

   ------------------------
   Static Subcase Summary :
   ------------------------

   ----------   --------  -------  --------------------- 
   Subcase ID    SPC ID   LOAD ID  Preloading Subcase ID
   ----------   --------  -------  --------------------- 
        1            1          4
   ----------   --------  -------  --------------------- 

   ---------------------------
   Design Parameters Summary :
   ---------------------------

   Total # of topology design elements             :    478841
   Total # of topology cards                       :         1
 
   Total Volume of Design Material :   7.0633E+07
     Total Mass of Design Material :   0.0000E+00
     Volume of Non-Design Material :   5.0379E+05
       Mass of Non-Design Material :   0.0000E+00

   Solid Design Elements  :  PSOLID
   ---------------------    --------
                               1
 

   ---------------------------------
   Optimization Parameters Summary :
   ---------------------------------

   Initial Material Fraction [0,1] :   0.9000
   Minimum Element Volume Fraction :   1.0000E-02
   Discreteness Parameter          :   1.0000

   Topology Optimization Method    :   Density Method
   Maximum Number of Iterations    :        30
 
   Convergence Tolerance           :   5.0000E-03
   Step Size (Topology)            :   0.5000
 
   Checkerboard Control            :   On (1 - Global Averaging)

   Run Type                        :   Topology Optimization

 -------------------------------
 Topology Optimization Summary :
 -------------------------------

 -------- ----------- ----------- -----------
 DTPL ID    Minimum     Maximum     Minimum  
          Member Size Member Size  Gap Size  
 -------- ----------- ----------- -----------
        1                                                
 -------- ----------- ----------- -----------

 -------- ------- ------- ----------- ----------- ----------- ----------- -----------
 DTPL ID  Pattern Pattern  Draw Dir.   Stamping     No Hole    Extrusion   Overhang    
           Repet.  Group. Constraints Constraints Constraints Constraints Constraints
 -------- ------- ------- ----------- ----------- ----------- ----------- -----------
        1   NONE    NONE      NONE        NONE        NONE        NONE        NONE   
 -------- ------- ------- ----------- ----------- ----------- ----------- -----------

   Restart from previous solution  :   No
   Run at location                 : C:/Users/Maxime Belcour/Documents/GitHub/optimisation-topologique/Hyperworks/opti/
   Scratch file directory          : C:/Users/Maxime Belcour/Documents/GitHub/optimisation-topologique/Hyperworks/opti/
                                     Free space:   578.294 GB
   Number of CPU processors        :          1


************************************************************************

 

************************************************************************

MEMORY ESTIMATION INFORMATION :
-------------------------------

 Solver Type is:  Sparse-Matrix Solver
                  Direct Method
 
 Memory (RAM) Allocated in Preprocessor                  :    3650 MB
 Estimated Memory (RAM) for Out of Core Solution         :    1863 MB
 Estimated Memory (RAM) for In-Core Solution             :    3650 MB
 (Note: The Minimum Memory Requirement is limited by Optimization Module.)   
 
DISK SPACE ESTIMATION INFORMATION :
-----------------------------------

 Estimated Disk Space for Output Data Files              :     710 MB
 Estimated Scratch Disk Space for In-Core Solution       :    4936 MB
 Estimated Scratch Disk Space for Out of Core Solution   :    8626 MB

************************************************************************


BEGINNING OPTIMIZATION SOLUTION ....


************************************************************************

OPTIMIZATION HISTORY INFORMATION :
----------------------------------

  
ITERATION   0
  
 (Scratch disk space usage for starting iteration = 3550 MB)
(Running in-core solution)

Objective Function (Minimize VOLUM) =  6.40737E+07
No active constraints
Design Volume Fraction              =  9.00000E-01   Mass     =  0.00000E+00
Discreteness Index                  =         1.00
 
Density     %
-------------
0.0-0.1   0.0   
0.1-0.2   0.0   
0.2-0.3   0.0   
0.3-0.4   0.0   
0.4-0.5   0.0   
0.5-0.6   0.0   
0.6-0.7   0.0   
0.7-0.8   0.0   
0.8-0.9 100.0   
0.9-1.0   0.0   

 Subcase   Compliance     Epsilon
       1  9.059902E-01 -1.490313E-11

Note : Epsilon = Residual Strain Energy Ratio.


                           RETAINED RESPONSES TABLE
------------------------------------------------------------------------------------
Response Type  Response    Subcase Grid/     DOF/   Response     Objective    Viol.
User-ID          Label     /RANDPS Element/  Comp     Value      Reference/     %  
                           /Model  MID/PID/  /Reg                Constraint
                           +Frqncy Mode No.                        Bound   
                           /Times                                          
------------------------------------------------------------------------------------
       1 VOLUM vol              --       --  TOTL   6.407E+07 MIN
------------------------------------------------------------------------------------
  
ITERATION   1

Objective Function (Minimize VOLUM) =  4.28837E+07   % change =       -33.07
No active constraints
Design Volume Fraction              =  6.00000E-01   Mass     =  0.00000E+00
Discreteness Index                  =         0.00
 
Density     %
-------------
0.0-0.1   0.0   
0.1-0.2   0.0   
0.2-0.3   0.0   
0.3-0.4   0.0   
0.4-0.5   0.0   
0.5-0.6 100.0   
0.6-0.7   0.0   
0.7-0.8   0.0   
0.8-0.9   0.0   
0.9-1.0   0.0   

 Subcase   Compliance     Epsilon
       1  1.904396E+00  1.749917E-11

Note : Epsilon = Residual Strain Energy Ratio.


                           RETAINED RESPONSES TABLE
------------------------------------------------------------------------------------
Response Type  Response    Subcase Grid/     DOF/   Response     Objective    Viol.
User-ID          Label     /RANDPS Element/  Comp     Value      Reference/     %  
                           /Model  MID/PID/  /Reg                Constraint
                           +Frqncy Mode No.                        Bound   
                           /Times                                          
------------------------------------------------------------------------------------
       1 VOLUM vol              --       --  TOTL   4.288E+07 MIN
------------------------------------------------------------------------------------
  
ITERATION   2

Objective Function (Minimize VOLUM) =  2.16938E+07   % change =       -49.41
No active constraints
Design Volume Fraction              =  3.00000E-01   Mass     =  0.00000E+00
Discreteness Index                  =         0.00
 
Density     %
-------------
0.0-0.1   0.0   
0.1-0.2   0.0   
0.2-0.3   0.0   
0.3-0.4 100.0   
0.4-0.5   0.0   
0.5-0.6   0.0   
0.6-0.7   0.0   
0.7-0.8   0.0   
0.8-0.9   0.0   
0.9-1.0   0.0   

 Subcase   Compliance     Epsilon
       1  6.701891E+00 -2.429675E-10

Note : Epsilon = Residual Strain Energy Ratio.


                           RETAINED RESPONSES TABLE
------------------------------------------------------------------------------------
Response Type  Response    Subcase Grid/     DOF/   Response     Objective    Viol.
User-ID          Label     /RANDPS Element/  Comp     Value      Reference/     %  
                           /Model  MID/PID/  /Reg                Constraint
                           +Frqncy Mode No.                        Bound   
                           /Times                                          
------------------------------------------------------------------------------------
       1 VOLUM vol              --       --  TOTL   2.169E+07 MIN
------------------------------------------------------------------------------------
  
ITERATION   3

Objective Function (Minimize VOLUM) =  1.10988E+07   % change =       -48.84
No active constraints
Design Volume Fraction              =  1.50000E-01   Mass     =  0.00000E+00
Discreteness Index                  =         0.00
 
Density     %
-------------
0.0-0.1   0.0   
0.1-0.2 100.0   
0.2-0.3   0.0   
0.3-0.4   0.0   
0.4-0.5   0.0   
0.5-0.6   0.0   
0.6-0.7   0.0   
0.7-0.8   0.0   
0.8-0.9   0.0   
0.9-1.0   0.0   

 Subcase   Compliance     Epsilon
       1  2.438953E+01 -1.237569E-10

Note : Epsilon = Residual Strain Energy Ratio.


                           RETAINED RESPONSES TABLE
------------------------------------------------------------------------------------
Response Type  Response    Subcase Grid/     DOF/   Response     Objective    Viol.
User-ID          Label     /RANDPS Element/  Comp     Value      Reference/     %  
                           /Model  MID/PID/  /Reg                Constraint
                           +Frqncy Mode No.                        Bound   
                           /Times                                          
------------------------------------------------------------------------------------
       1 VOLUM vol              --       --  TOTL   1.110E+07 MIN
------------------------------------------------------------------------------------
  
ITERATION   4

Objective Function (Minimize VOLUM) =  5.80128E+06   % change =       -47.73
No active constraints
Design Volume Fraction              =  7.50000E-02   Mass     =  0.00000E+00
Discreteness Index                  =         0.00
 
Density     %
-------------
0.0-0.1 100.0   
0.1-0.2   0.0   
0.2-0.3   0.0   
0.3-0.4   0.0   
0.4-0.5   0.0   
0.5-0.6   0.0   
0.6-0.7   0.0   
0.7-0.8   0.0   
0.8-0.9   0.0   
0.9-1.0   0.0   

 Subcase   Compliance     Epsilon
       1  9.303526E+01 -4.406524E-09

Note : Epsilon = Residual Strain Energy Ratio.


                           RETAINED RESPONSES TABLE
------------------------------------------------------------------------------------
Response Type  Response    Subcase Grid/     DOF/   Response     Objective    Viol.
User-ID          Label     /RANDPS Element/  Comp     Value      Reference/     %  
                           /Model  MID/PID/  /Reg                Constraint
                           +Frqncy Mode No.                        Bound   
                           /Times                                          
------------------------------------------------------------------------------------
       1 VOLUM vol              --       --  TOTL   5.801E+06 MIN
------------------------------------------------------------------------------------
  
ITERATION   5

Objective Function (Minimize VOLUM) =  3.15253E+06   % change =       -45.66
No active constraints
Design Volume Fraction              =  3.75000E-02   Mass     =  0.00000E+00
Discreteness Index                  =         0.00
 
Density     %
-------------
0.0-0.1 100.0   
0.1-0.2   0.0   
0.2-0.3   0.0   
0.3-0.4   0.0   
0.4-0.5   0.0   
0.5-0.6   0.0   
0.6-0.7   0.0   
0.7-0.8   0.0   
0.8-0.9   0.0   
0.9-1.0   0.0   

 Subcase   Compliance     Epsilon
       1  3.642179E+02 -4.997207E-09

Note : Epsilon = Residual Strain Energy Ratio.


                           RETAINED RESPONSES TABLE
------------------------------------------------------------------------------------
Response Type  Response    Subcase Grid/     DOF/   Response     Objective    Viol.
User-ID          Label     /RANDPS Element/  Comp     Value      Reference/     %  
                           /Model  MID/PID/  /Reg                Constraint
                           +Frqncy Mode No.                        Bound   
                           /Times                                          
------------------------------------------------------------------------------------
       1 VOLUM vol              --       --  TOTL   3.153E+06 MIN
------------------------------------------------------------------------------------
  
ITERATION   6

Objective Function (Minimize VOLUM) =  1.82816E+06   % change =       -42.01
Maximum Constraint Violation %      =  0.00000E+00
Design Volume Fraction              =  1.87500E-02   Mass     =  0.00000E+00
Discreteness Index                  =         0.00
 
Density     %
-------------
0.0-0.1 100.0   
0.1-0.2   0.0   
0.2-0.3   0.0   
0.3-0.4   0.0   
0.4-0.5   0.0   
0.5-0.6   0.0   
0.6-0.7   0.0   
0.7-0.8   0.0   
0.8-0.9   0.0   
0.9-1.0   0.0   

 Subcase   Compliance     Epsilon
       1  1.444680E+03 -6.782562E-09

Note : Epsilon = Residual Strain Energy Ratio.


                           RETAINED RESPONSES TABLE
------------------------------------------------------------------------------------
Response Type  Response    Subcase Grid/     DOF/   Response     Objective    Viol.
User-ID          Label     /RANDPS Element/  Comp     Value      Reference/     %  
                           /Model  MID/PID/  /Reg                Constraint
                           +Frqncy Mode No.                        Bound   
                           /Times                                          
------------------------------------------------------------------------------------
       1 VOLUM vol              --       --  TOTL   1.828E+06 MIN
       2 DISPL disp              1     1954  TXYZ   9.655E+00  <  1.000E+01    0.0  
       2 DISPL disp              1     6062  TXYZ   9.651E+00  <  1.000E+01    0.0  
       2 DISPL disp              1     6063  TXYZ   9.651E+00  <  1.000E+01    0.0  
       2 DISPL disp              1     6064  TXYZ   9.651E+00  <  1.000E+01    0.0  
       2 DISPL disp              1     6065  TXYZ   9.651E+00  <  1.000E+01    0.0  
       2 DISPL disp              1     6066  TXYZ   9.652E+00  <  1.000E+01    0.0  
       2 DISPL disp              1     6067  TXYZ   9.652E+00  <  1.000E+01    0.0  
       2 DISPL disp              1     6068  TXYZ   9.652E+00  <  1.000E+01    0.0  
       2 DISPL disp              1     6069  TXYZ   9.652E+00  <  1.000E+01    0.0  
       2 DISPL disp              1     6070  TXYZ   9.653E+00  <  1.000E+01    0.0  
       2 DISPL disp              1     6071  TXYZ   9.653E+00  <  1.000E+01    0.0  
       2 DISPL disp              1     6072  TXYZ   9.653E+00  <  1.000E+01    0.0  
       2 DISPL disp              1     6073  TXYZ   9.653E+00  <  1.000E+01    0.0  
       2 DISPL disp              1     6074  TXYZ   9.653E+00  <  1.000E+01    0.0  
       2 DISPL disp              1     6075  TXYZ   9.654E+00  <  1.000E+01    0.0  
       2 DISPL disp              1     6076  TXYZ   9.654E+00  <  1.000E+01    0.0  
       2 DISPL disp              1     6077  TXYZ   9.654E+00  <  1.000E+01    0.0  
       2 DISPL disp              1     6078  TXYZ   9.654E+00  <  1.000E+01    0.0  
       2 DISPL disp              1     6079  TXYZ   9.655E+00  <  1.000E+01    0.0  
       2 DISPL disp              1     6706  TXYZ   9.936E+00  <  1.000E+01    0.0 A
------------------------------------------------------------------------------------
  
ITERATION   7

Objective Function (Minimize VOLUM) =  1.23322E+06   % change =       -32.54
Maximum Constraint Violation %      =  0.69236E+01
Design Volume Fraction              =  1.03270E-02   Mass     =  0.00000E+00
Discreteness Index                  =         0.00
 
Density     %
-------------
0.0-0.1 100.0   
0.1-0.2   0.0   
0.2-0.3   0.0   
0.3-0.4   0.0   
0.4-0.5   0.0   
0.5-0.6   0.0   
0.6-0.7   0.0   
0.7-0.8   0.0   
0.8-0.9   0.0   
0.9-1.0   0.0   

 Subcase   Compliance     Epsilon
       1  1.523454E+03 -2.141882E-08

Note : Epsilon = Residual Strain Energy Ratio.


                           RETAINED RESPONSES TABLE
------------------------------------------------------------------------------------
Response Type  Response    Subcase Grid/     DOF/   Response     Objective    Viol.
User-ID          Label     /RANDPS Element/  Comp     Value      Reference/     %  
                           /Model  MID/PID/  /Reg                Constraint
                           +Frqncy Mode No.                        Bound   
                           /Times                                          
------------------------------------------------------------------------------------
       1 VOLUM vol              --       --  TOTL   1.233E+06 MIN
       2 DISPL disp              1     1954  TXYZ   1.039E+01  <  1.000E+01    3.9 V
       2 DISPL disp              1     6062  TXYZ   1.039E+01  <  1.000E+01    3.9 V
       2 DISPL disp              1     6063  TXYZ   1.039E+01  <  1.000E+01    3.9 V
       2 DISPL disp              1     6064  TXYZ   1.039E+01  <  1.000E+01    3.9 V
       2 DISPL disp              1     6065  TXYZ   1.039E+01  <  1.000E+01    3.9 V
       2 DISPL disp              1     6066  TXYZ   1.039E+01  <  1.000E+01    3.9 V
       2 DISPL disp              1     6067  TXYZ   1.039E+01  <  1.000E+01    3.9 V
       2 DISPL disp              1     6068  TXYZ   1.039E+01  <  1.000E+01    3.9 V
       2 DISPL disp              1     6069  TXYZ   1.039E+01  <  1.000E+01    3.9 V
       2 DISPL disp              1     6070  TXYZ   1.039E+01  <  1.000E+01    3.9 V
       2 DISPL disp              1     6071  TXYZ   1.039E+01  <  1.000E+01    3.9 V
       2 DISPL disp              1     6072  TXYZ   1.039E+01  <  1.000E+01    3.9 V
       2 DISPL disp              1     6073  TXYZ   1.039E+01  <  1.000E+01    3.9 V
       2 DISPL disp              1     6074  TXYZ   1.039E+01  <  1.000E+01    3.9 V
       2 DISPL disp              1     6075  TXYZ   1.039E+01  <  1.000E+01    3.9 V
       2 DISPL disp              1     6076  TXYZ   1.039E+01  <  1.000E+01    3.9 V
       2 DISPL disp              1     6077  TXYZ   1.039E+01  <  1.000E+01    3.9 V
       2 DISPL disp              1     6078  TXYZ   1.039E+01  <  1.000E+01    3.9 V
       2 DISPL disp              1     6079  TXYZ   1.039E+01  <  1.000E+01    3.9 V
       2 DISPL disp              1     6706  TXYZ   1.069E+01  <  1.000E+01    6.9 V
------------------------------------------------------------------------------------

                       MOST VIOLATED CONSTRAINTS TABLE
------------------------------------------------------------------------------------
Response Type  Response    Subcase Grid/     DOF/   Response     Constraint   Viol.
User-ID          Label     /RANDPS Element/  Comp     Value        Bound        %  
                           /Model  MID/PID/  /Reg                          
                           +Frqncy Mode No.                                
                           /Times                                          
------------------------------------------------------------------------------------
       2 DISPL disp              1     6706  TXYZ   1.069E+01  <  1.000E+01    6.9 V
       2 DISPL disp              1     1954  TXYZ   1.039E+01  <  1.000E+01    3.9 V
       2 DISPL disp              1     6079  TXYZ   1.039E+01  <  1.000E+01    3.9 V
       2 DISPL disp              1     6078  TXYZ   1.039E+01  <  1.000E+01    3.9 V
       2 DISPL disp              1     6077  TXYZ   1.039E+01  <  1.000E+01    3.9 V
       2 DISPL disp              1     6076  TXYZ   1.039E+01  <  1.000E+01    3.9 V
       2 DISPL disp              1     6075  TXYZ   1.039E+01  <  1.000E+01    3.9 V
       2 DISPL disp              1     6074  TXYZ   1.039E+01  <  1.000E+01    3.9 V
       2 DISPL disp              1     6073  TXYZ   1.039E+01  <  1.000E+01    3.9 V
       2 DISPL disp              1     6072  TXYZ   1.039E+01  <  1.000E+01    3.9 V
       2 DISPL disp              1     6071  TXYZ   1.039E+01  <  1.000E+01    3.9 V
       2 DISPL disp              1     6070  TXYZ   1.039E+01  <  1.000E+01    3.9 V
       2 DISPL disp              1     6069  TXYZ   1.039E+01  <  1.000E+01    3.9 V
       2 DISPL disp              1     6068  TXYZ   1.039E+01  <  1.000E+01    3.9 V
       2 DISPL disp              1     6067  TXYZ   1.039E+01  <  1.000E+01    3.9 V
       2 DISPL disp              1     6066  TXYZ   1.039E+01  <  1.000E+01    3.9 V
       2 DISPL disp              1     6065  TXYZ   1.039E+01  <  1.000E+01    3.9 V
       2 DISPL disp              1     6064  TXYZ   1.039E+01  <  1.000E+01    3.9 V
       2 DISPL disp              1     6063  TXYZ   1.039E+01  <  1.000E+01    3.9 V
       2 DISPL disp              1     6062  TXYZ   1.039E+01  <  1.000E+01    3.9 V
------------------------------------------------------------------------------------
  
ITERATION   8
  the 1st satisfied convergence ratio =  1.1757E-03

Objective Function (Minimize VOLUM) =  1.23177E+06   % change =        -0.12
Maximum Constraint Violation %      =  0.00000E+00
Design Volume Fraction              =  1.03065E-02   Mass     =  0.00000E+00
Discreteness Index                  =         0.00
 
Density     %
-------------
0.0-0.1 100.0   
0.1-0.2   0.0   
0.2-0.3   0.0   
0.3-0.4   0.0   
0.4-0.5   0.0   
0.5-0.6   0.0   
0.6-0.7   0.0   
0.7-0.8   0.0   
0.8-0.9   0.0   
0.9-1.0   0.0   

 Subcase   Compliance     Epsilon
       1  1.363349E+03  2.703218E-09

Note : Epsilon = Residual Strain Energy Ratio.


                           RETAINED RESPONSES TABLE
------------------------------------------------------------------------------------
Response Type  Response    Subcase Grid/     DOF/   Response     Objective    Viol.
User-ID          Label     /RANDPS Element/  Comp     Value      Reference/     %  
                           /Model  MID/PID/  /Reg                Constraint
                           +Frqncy Mode No.                        Bound   
                           /Times                                          
------------------------------------------------------------------------------------
       1 VOLUM vol              --       --  TOTL   1.232E+06 MIN
       2 DISPL disp              1     1954  TXYZ   9.498E+00  <  1.000E+01    0.0  
       2 DISPL disp              1     6062  TXYZ   9.493E+00  <  1.000E+01    0.0  
       2 DISPL disp              1     6063  TXYZ   9.493E+00  <  1.000E+01    0.0  
       2 DISPL disp              1     6064  TXYZ   9.493E+00  <  1.000E+01    0.0  
       2 DISPL disp              1     6065  TXYZ   9.494E+00  <  1.000E+01    0.0  
       2 DISPL disp              1     6066  TXYZ   9.494E+00  <  1.000E+01    0.0  
       2 DISPL disp              1     6067  TXYZ   9.494E+00  <  1.000E+01    0.0  
       2 DISPL disp              1     6068  TXYZ   9.495E+00  <  1.000E+01    0.0  
       2 DISPL disp              1     6069  TXYZ   9.495E+00  <  1.000E+01    0.0  
       2 DISPL disp              1     6070  TXYZ   9.495E+00  <  1.000E+01    0.0  
       2 DISPL disp              1     6071  TXYZ   9.496E+00  <  1.000E+01    0.0  
       2 DISPL disp              1     6072  TXYZ   9.496E+00  <  1.000E+01    0.0  
       2 DISPL disp              1     6073  TXYZ   9.496E+00  <  1.000E+01    0.0  
       2 DISPL disp              1     6074  TXYZ   9.497E+00  <  1.000E+01    0.0  
       2 DISPL disp              1     6075  TXYZ   9.497E+00  <  1.000E+01    0.0  
       2 DISPL disp              1     6076  TXYZ   9.497E+00  <  1.000E+01    0.0  
       2 DISPL disp              1     6077  TXYZ   9.498E+00  <  1.000E+01    0.0  
       2 DISPL disp              1     6078  TXYZ   9.498E+00  <  1.000E+01    0.0  
       2 DISPL disp              1     6079  TXYZ   9.498E+00  <  1.000E+01    0.0  
       2 DISPL disp              1     6706  TXYZ   9.774E+00  <  1.000E+01    0.0  
------------------------------------------------------------------------------------
  
ITERATION   9
  the 2nd satisfied convergence ratio =  2.5913E-03

Objective Function (Minimize VOLUM) =  1.22858E+06   % change =        -0.26
Maximum Constraint Violation %      =  0.00000E+00
Design Volume Fraction              =  1.02614E-02   Mass     =  0.00000E+00
Discreteness Index                  =         0.00
 
Density     %
-------------
0.0-0.1 100.0   
0.1-0.2   0.0   
0.2-0.3   0.0   
0.3-0.4   0.0   
0.4-0.5   0.0   
0.5-0.6   0.0   
0.6-0.7   0.0   
0.7-0.8   0.0   
0.8-0.9   0.0   
0.9-1.0   0.0   

 Subcase   Compliance     Epsilon
       1  1.354645E+03  2.363998E-08

Note : Epsilon = Residual Strain Energy Ratio.


                           RETAINED RESPONSES TABLE
------------------------------------------------------------------------------------
Response Type  Response    Subcase Grid/     DOF/   Response     Objective    Viol.
User-ID          Label     /RANDPS Element/  Comp     Value      Reference/     %  
                           /Model  MID/PID/  /Reg                Constraint
                           +Frqncy Mode No.                        Bound   
                           /Times                                          
------------------------------------------------------------------------------------
       1 VOLUM vol              --       --  TOTL   1.229E+06 MIN
       2 DISPL disp              1     1954  TXYZ   9.520E+00  <  1.000E+01    0.0  
       2 DISPL disp              1     6062  TXYZ   9.514E+00  <  1.000E+01    0.0  
       2 DISPL disp              1     6063  TXYZ   9.514E+00  <  1.000E+01    0.0  
       2 DISPL disp              1     6064  TXYZ   9.515E+00  <  1.000E+01    0.0  
       2 DISPL disp              1     6065  TXYZ   9.515E+00  <  1.000E+01    0.0  
       2 DISPL disp              1     6066  TXYZ   9.515E+00  <  1.000E+01    0.0  
       2 DISPL disp              1     6067  TXYZ   9.516E+00  <  1.000E+01    0.0  
       2 DISPL disp              1     6068  TXYZ   9.516E+00  <  1.000E+01    0.0  
       2 DISPL disp              1     6069  TXYZ   9.516E+00  <  1.000E+01    0.0  
       2 DISPL disp              1     6070  TXYZ   9.517E+00  <  1.000E+01    0.0  
       2 DISPL disp              1     6071  TXYZ   9.517E+00  <  1.000E+01    0.0  
       2 DISPL disp              1     6072  TXYZ   9.517E+00  <  1.000E+01    0.0  
       2 DISPL disp              1     6073  TXYZ   9.518E+00  <  1.000E+01    0.0  
       2 DISPL disp              1     6074  TXYZ   9.518E+00  <  1.000E+01    0.0  
       2 DISPL disp              1     6075  TXYZ   9.518E+00  <  1.000E+01    0.0  
       2 DISPL disp              1     6076  TXYZ   9.519E+00  <  1.000E+01    0.0  
       2 DISPL disp              1     6077  TXYZ   9.519E+00  <  1.000E+01    0.0  
       2 DISPL disp              1     6078  TXYZ   9.520E+00  <  1.000E+01    0.0  
       2 DISPL disp              1     6079  TXYZ   9.520E+00  <  1.000E+01    0.0  
       2 DISPL disp              1     6706  TXYZ   9.798E+00  <  1.000E+01    0.0  
------------------------------------------------------------------------------------

************************************************************************
  
 OPTIMIZATION HAS CONVERGED.
  
 FEASIBLE DESIGN (ALL CONSTRAINTS SATISFIED).
  

************************************************************************

RESOURCE USAGE INFORMATION
--------------------------

 MAXIMUM MEMORY USED                                      3650 MB
   IN ADDITION     41 MB MEMORY WAS ALLOCATED FOR TEMPORARY USE
 MAXIMUM DISK SPACE USED                                  3579 MB

************************************************************************


************************************************************************

COMPUTE TIME INFORMATION
------------------------

 EXECUTION STARTED                         Wed Feb 17 16:15:57 2021    
 EXECUTION COMPLETED                       Wed Feb 17 16:26:24 2021    
 ELAPSED TIME                                         00:10:26
 CPU TIME                                             00:10:00

************************************************************************

  
                        ***** END OF REPORT *****
  
 For Useful OptiStruct Tips and Tricks, go to the URL:
 http://www.altairhyperworks.com/tips.aspx
