 ************************************************************************
 **                                                                    **
 **                                                                    **
 **                     Altair OptiStruct(TM) 2020                     **
 **                                                                    **
 **             Advanced Engineering Analysis, Design and              **
 **        Optimization Software from Altair Engineering, Inc.         **
 **                                                                    **
 **                                                                    **
 **              Windows 10  (Build 9200)  SURFACE_MAXIME              **
 **         8 CPU:  Intel(R) Core(TM) i7-1065G7 CPU @ 1.30GHz          **
 **                    24924 MB RAM,  37217 MB swap                    **
 **                                                                    **
 ** Build: 1018160c0133200_Ce64RB68UH14M:175822-000  60040040000000040 **
 ************************************************************************
 **  COPYRIGHT (C) 1996-2020                 Altair Engineering, Inc.  **
 ** All Rights Reserved.  Copyright notice does not imply publication. **
 **         Contains trade secrets of Altair Engineering, Inc.         **
 ** Decompilation or disassembly of this software strictly prohibited. **
 ************************************************************************
 
  
 *** OptiStruct defaults set from:
   install config file: C:/Program Files/Altair/2020-edu/hwsolvers/optistruct.cfg.
  
  
 NOTE # 9199
 MSGLMT=STRICT is active, all messages will be printed.
 You can suppress some less important warning messages by use of
  MSGLMT=BRIEF or UNREF (in config file or in the input data).
  
 1 PARAM(s) were set:
    CHECKEL,NO
  
  
  
 *** WARNING # 1848
 Topology optimization without minimum member size control activated.
 Using DTPL card or DOPTPRM,MINDIM is recommended.
  
 *** ERROR # 1831 ***
 STRESS/STRAIN response on DRESP1 card 3 does not reference any
 valid elements.
  
 This error occurs in module "dppdrv1".
 

************************************************************************

OPTIMIZATION FILE AND PARAMETER INFORMATION :
---------------------------------------------

  FEM model file               : 
     C:/Users/Maxime Belcour/Documents/GitHub/optimisation-topologique/Hyperworks/opti/ChaiseMaxime.fem
  Output files prefix          : 
     C:/Users/Maxime Belcour/Documents/GitHub/optimisation-topologique/Hyperworks/opti/ChaiseMaxime
  Model read from files:
 (*1)	    C:/Users/Maxime Belcour/Documents/GitHub/optimisation-topologique/Hyperworks/opti/ChaiseMaxime.fem

************************************************************************

 

************************************************************************

FINITE ELEMENT MODEL DATA INFORMATION :
---------------------------------------

  Total # of Grids (Structural)        :     88878
  Total # of Elements                  :    521214
  Total # of Degrees of Freedom        :    265926
  (Structural)
  Total # of Non-zero Stiffness Terms  :   6111357

 
  Element Type Information
  ------------------------

   CTETRA   Elements   :   521214

  Load and Boundary Information
  -----------------------------

   FORCE Sets        :         3
   SPC   Sets        :         1

  Material and Property Information
  ---------------------------------

   PSOLID Cards      :         2
   MAT1   Cards      :         1

************************************************************************

 

************************************************************************

 ***** ERROR ENCOUNTERED BEFORE COMPLETING THE CHECK RUN *****
 Memory (RAM) Allocated in Preprocessor                  :    2500 MB
 Estimated Minimum Memory (RAM) for the check run        :     356 MB

************************************************************************


************************************************************************

RESOURCE USAGE INFORMATION
--------------------------

 MAXIMUM MEMORY USED                                      2500 MB
 MAXIMUM DISK SPACE USED                                     1 MB

************************************************************************


************************************************************************

COMPUTE TIME INFORMATION
------------------------

 EXECUTION STARTED                         Sun Feb 21 14:00:34 2021    
 EXECUTION COMPLETED                       Sun Feb 21 14:02:30 2021    
 ELAPSED TIME                                         00:01:56
 CPU TIME                                             00:01:56

************************************************************************

  
 
 *** PROGRAM STOPPED: FATAL ERROR(s) ENCOUNTERED.
 
                        ***** END OF REPORT *****
  
 For Useful OptiStruct Tips and Tricks, go to the URL:
 http://www.altairhyperworks.com/tips.aspx
  
************************************************************************
  
 A fatal error has been detected during input processing:
  
  *** ERROR # 1831 ***
  STRESS/STRAIN response on DRESP1 card 3 does not reference any
  valid elements.
  
  
************************************************************************
